# JRE version: OpenJDK Runtime Environment (11.0.10) (build 11.0.10+0-b96-7281165)
# Java VM: OpenJDK 64-Bit Server VM (11.0.10+0-b96-7281165, mixed mode, tiered, compressed oops, g1 gc, bsd-amd64)
Heap:
 garbage-first heap   total 262144K, used 179342K [0x0000000780000000, 0x0000000800000000)
  region size 1024K, 25 young (25600K), 8 survivors (8192K)
 Metaspace       used 115177K, capacity 118908K, committed 119092K, reserved 1153024K
  class space    used 14870K, capacity 16319K, committed 16408K, reserved 1048576K
GC Heap History (20 events):
Event: 9.712 GC heap before
{Heap before GC invocations=13 (full 0):
 garbage-first heap   total 262144K, used 180067K [0x0000000780000000, 0x0000000800000000)
  region size 1024K, 110 young (112640K), 8 survivors (8192K)
 Metaspace       used 86926K, capacity 89374K, committed 89456K, reserved 1126400K
  class space    used 11368K, capacity 12312K, committed 12364K, reserved 1048576K
}
Event: 9.719 GC heap after
{Heap after GC invocations=14 (full 0):
 garbage-first heap   total 262144K, used 86353K [0x0000000780000000, 0x0000000800000000)
  region size 1024K, 10 young (10240K), 10 survivors (10240K)
 Metaspace       used 86926K, capacity 89374K, committed 89456K, reserved 1126400K
  class space    used 11368K, capacity 12312K, committed 12364K, reserved 1048576K
}
Event: 10.146 GC heap before
{Heap before GC invocations=14 (full 0):
 garbage-first heap   total 262144K, used 187729K [0x0000000780000000, 0x0000000800000000)
  region size 1024K, 110 young (112640K), 10 survivors (10240K)
 Metaspace       used 88085K, capacity 90683K, committed 90864K, reserved 1128448K
  class space    used 11479K, capacity 12467K, committed 12492K, reserved 1048576K
}
Event: 10.154 GC heap after
{Heap after GC invocations=15 (full 0):
 garbage-first heap   total 262144K, used 90915K [0x0000000780000000, 0x0000000800000000)
  region size 1024K, 9 young (9216K), 9 survivors (9216K)
 Metaspace       used 88085K, capacity 90683K, committed 90864K, reserved 1128448K
  class space    used 11479K, capacity 12467K, committed 12492K, reserved 1048576K
}
Event: 11.010 GC heap before
{Heap before GC invocations=15 (full 0):
 garbage-first heap   total 262144K, used 192291K [0x0000000780000000, 0x0000000800000000)
  region size 1024K, 109 young (111616K), 9 survivors (9216K)
 Metaspace       used 94307K, capacity 96903K, committed 97136K, reserved 1132544K
  class space    used 12254K, capacity 13275K, committed 13388K, reserved 1048576K
}
Event: 11.015 GC heap after
{Heap after GC invocations=16 (full 0):
 garbage-first heap   total 262144K, used 96035K [0x0000000780000000, 0x0000000800000000)
  region size 1024K, 8 young (8192K), 8 survivors (8192K)
 Metaspace       used 94307K, capacity 96903K, committed 97136K, reserved 1132544K
  class space    used 12254K, capacity 13275K, committed 13388K, reserved 1048576K
}
Event: 18.644 GC heap before
{Heap before GC invocations=16 (full 0):
 garbage-first heap   total 262144K, used 177955K [0x0000000780000000, 0x0000000800000000)
  region size 1024K, 85 young (87040K), 8 survivors (8192K)
 Metaspace       used 97532K, capacity 100371K, committed 100456K, reserved 1136640K
  class space    used 12748K, capacity 13856K, committed 13900K, reserved 1048576K
}
Event: 18.660 GC heap after
{Heap after GC invocations=17 (full 0):
 garbage-first heap   total 262144K, used 104033K [0x0000000780000000, 0x0000000800000000)
  region size 1024K, 13 young (13312K), 13 survivors (13312K)
 Metaspace       used 97532K, capacity 100371K, committed 100456K, reserved 1136640K
  class space    used 12748K, capacity 13856K, committed 13900K, reserved 1048576K
}
Event: 19.010 GC heap before
{Heap before GC invocations=18 (full 0):
 garbage-first heap   total 262144K, used 203361K [0x0000000780000000, 0x0000000800000000)
  region size 1024K, 108 young (110592K), 13 survivors (13312K)
 Metaspace       used 99538K, capacity 101957K, committed 103604K, reserved 1138688K
  class space    used 12752K, capacity 13657K, committed 14232K, reserved 1048576K
}
Event: 19.023 GC heap after
{Heap after GC invocations=19 (full 0):
 garbage-first heap   total 262144K, used 108351K [0x0000000780000000, 0x0000000800000000)
  region size 1024K, 10 young (10240K), 10 survivors (10240K)
 Metaspace       used 99538K, capacity 101957K, committed 103604K, reserved 1138688K
  class space    used 12752K, capacity 13657K, committed 14232K, reserved 1048576K
}
Event: 19.698 GC heap before
{Heap before GC invocations=20 (full 0):
 garbage-first heap   total 262144K, used 204607K [0x0000000780000000, 0x0000000800000000)
  region size 1024K, 103 young (105472K), 10 survivors (10240K)
 Metaspace       used 106407K, capacity 108979K, committed 110388K, reserved 1144832K
  class space    used 13474K, capacity 14435K, committed 14872K, reserved 1048576K
}
Event: 19.710 GC heap after
{Heap after GC invocations=21 (full 0):
 garbage-first heap   total 262144K, used 116322K [0x0000000780000000, 0x0000000800000000)
  region size 1024K, 13 young (13312K), 13 survivors (13312K)
 Metaspace       used 106407K, capacity 108979K, committed 110388K, reserved 1144832K
  class space    used 13474K, capacity 14435K, committed 14872K, reserved 1048576K
}
Event: 19.946 GC heap before
{Heap before GC invocations=21 (full 0):
 garbage-first heap   total 262144K, used 204386K [0x0000000780000000, 0x0000000800000000)
  region size 1024K, 100 young (102400K), 13 survivors (13312K)
 Metaspace       used 107391K, capacity 110102K, committed 111028K, reserved 1144832K
  class space    used 13653K, capacity 14680K, committed 15000K, reserved 1048576K
}
Event: 19.959 GC heap after
{Heap after GC invocations=22 (full 0):
 garbage-first heap   total 262144K, used 129679K [0x0000000780000000, 0x0000000800000000)
  region size 1024K, 13 young (13312K), 13 survivors (13312K)
 Metaspace       used 107391K, capacity 110102K, committed 111028K, reserved 1144832K
  class space    used 13653K, capacity 14680K, committed 15000K, reserved 1048576K
}
Event: 20.286 GC heap before
{Heap before GC invocations=22 (full 0):
 garbage-first heap   total 262144K, used 205455K [0x0000000780000000, 0x0000000800000000)
  region size 1024K, 86 young (88064K), 13 survivors (13312K)
 Metaspace       used 110785K, capacity 113825K, committed 114228K, reserved 1148928K
  class space    used 14183K, capacity 15342K, committed 15384K, reserved 1048576K
}
Event: 20.294 GC heap after
{Heap after GC invocations=23 (full 0):
 garbage-first heap   total 262144K, used 145786K [0x0000000780000000, 0x0000000800000000)
  region size 1024K, 11 young (11264K), 11 survivors (11264K)
 Metaspace       used 110785K, capacity 113825K, committed 114228K, reserved 1148928K
  class space    used 14183K, capacity 15342K, committed 15384K, reserved 1048576K
}
Event: 20.397 GC heap before
{Heap before GC invocations=23 (full 0):
 garbage-first heap   total 262144K, used 183674K [0x0000000780000000, 0x0000000800000000)
  region size 1024K, 49 young (50176K), 11 survivors (11264K)
 Metaspace       used 111745K, capacity 114911K, committed 115124K, reserved 1148928K
  class space    used 14303K, capacity 15486K, committed 15512K, reserved 1048576K
}
Event: 20.413 GC heap after
{Heap after GC invocations=24 (full 0):
 garbage-first heap   total 262144K, used 153434K [0x0000000780000000, 0x0000000800000000)
  region size 1024K, 9 young (9216K), 9 survivors (9216K)
 Metaspace       used 111745K, capacity 114911K, committed 115124K, reserved 1148928K
  class space    used 14303K, capacity 15486K, committed 15512K, reserved 1048576K
}
Event: 20.569 GC heap before
{Heap before GC invocations=24 (full 0):
 garbage-first heap   total 262144K, used 205658K [0x0000000780000000, 0x0000000800000000)
  region size 1024K, 60 young (61440K), 9 survivors (9216K)
 Metaspace       used 114370K, capacity 117820K, committed 118196K, reserved 1150976K
  class space    used 14637K, capacity 15900K, committed 16024K, reserved 1048576K
}
Event: 20.581 GC heap after
{Heap after GC invocations=25 (full 0):
 garbage-first heap   total 262144K, used 162958K [0x0000000780000000, 0x0000000800000000)
  region size 1024K, 8 young (8192K), 8 survivors (8192K)
 Metaspace       used 114370K, capacity 117820K, committed 118196K, reserved 1150976K
  class space    used 14637K, capacity 15900K, committed 16024K, reserved 1048576K
}

